app/build/intermediates/manifest_merge_blame_file/debug/manifest-merger-blame-debug-report.txt
1<?xml version="1.0" encoding="utf-8"?>
2<manifest xmlns:android="http://schemas.android.com/apk/res/android"
3    package="com.example.onlinelawsystem"
4    android:versionCode="1"
5    android:versionName="1.0" >
6
7    <uses-sdk
8        android:minSdkVersion="26"
9        android:targetSdkVersion="34" />
10
11    <uses-permission android:name="android.permission.READ_EXTERNAL_STORAGE" />
11-->src\main\AndroidManifest.xml:5:5-80
11-->src\main\AndroidManifest.xml:5:22-77
12    <uses-permission android:name="android.permission.WRITE_EXTERNAL_STORAGE" />
12-->src\main\AndroidManifest.xml:6:5-81
12-->src\main\AndroidManifest.xml:6:22-78
13    <uses-permission android:name="android.permission.BACKGROUND_LOCATION" />
13-->src\main\AndroidManifest.xml:7:5-78
13-->src\main\AndroidManifest.xml:7:22-75
14    <uses-permission android:name="android.permission.INTERNET" />
14-->[com.firebaseui:firebase-ui-firestore:8.0.1] AndroidManifest.xml:9:5-67
14-->[com.firebaseui:firebase-ui-firestore:8.0.1] AndroidManifest.xml:9:22-64
15    <uses-permission android:name="android.permission.ACCESS_NETWORK_STATE" />
15-->[com.google.firebase:firebase-auth:22.3.1] AndroidManifest.xml:26:5-79
15-->[com.google.firebase:firebase-auth:22.3.1] AndroidManifest.xml:26:22-76
16    <uses-permission android:name="com.google.android.providers.gsf.permission.READ_GSERVICES" />
16-->[com.google.android.recaptcha:recaptcha:18.4.0] AndroidManifest.xml:9:5-98
16-->[com.google.android.recaptcha:recaptcha:18.4.0] AndroidManifest.xml:9:22-95
17
18    <permission
18-->[androidx.core:core:1.9.0] AndroidManifest.xml:22:5-24:47
19        android:name="com.example.onlinelawsystem.DYNAMIC_RECEIVER_NOT_EXPORTED_PERMISSION"
19-->[androidx.core:core:1.9.0] AndroidManifest.xml:23:9-81
20        android:protectionLevel="signature" />
20-->[androidx.core:core:1.9.0] AndroidManifest.xml:24:9-44
21
22    <uses-permission android:name="com.example.onlinelawsystem.DYNAMIC_RECEIVER_NOT_EXPORTED_PERMISSION" />
22-->[androidx.core:core:1.9.0] AndroidManifest.xml:26:5-97
22-->[androidx.core:core:1.9.0] AndroidManifest.xml:26:22-94
23
24    <application
24-->src\main\AndroidManifest.xml:9:5-137:19
25        android:allowBackup="true"
25-->src\main\AndroidManifest.xml:10:9-35
26        android:appComponentFactory="androidx.core.app.CoreComponentFactory"
26-->[androidx.core:core:1.9.0] AndroidManifest.xml:28:18-86
27        android:dataExtractionRules="@xml/data_extraction_rules"
27-->src\main\AndroidManifest.xml:11:9-65
28        android:debuggable="true"
29        android:extractNativeLibs="false"
30        android:fullBackupContent="@xml/backup_rules"
30-->src\main\AndroidManifest.xml:12:9-54
31        android:icon="@mipmap/ic_launcher"
31-->src\main\AndroidManifest.xml:13:9-43
32        android:label="@string/app_name"
32-->src\main\AndroidManifest.xml:14:9-41
33        android:roundIcon="@mipmap/ic_launcher_round"
33-->src\main\AndroidManifest.xml:15:9-54
34        android:supportsRtl="true"
34-->src\main\AndroidManifest.xml:16:9-35
35        android:testOnly="true"
36        android:theme="@style/Theme.OnlineLawSystem" >
36-->src\main\AndroidManifest.xml:17:9-53
37        <activity
37-->src\main\AndroidManifest.xml:19:9-21:40
38            android:name="com.example.onlinelawsystem.user.ViewCasesActivity"
38-->src\main\AndroidManifest.xml:20:13-51
39            android:exported="false" />
39-->src\main\AndroidManifest.xml:21:13-37
40        <activity
40-->src\main\AndroidManifest.xml:22:9-24:40
41            android:name="com.example.onlinelawsystem.user.RegisterCaseActivity"
41-->src\main\AndroidManifest.xml:23:13-54
42            android:exported="false" />
42-->src\main\AndroidManifest.xml:24:13-37
43        <activity
43-->src\main\AndroidManifest.xml:25:9-27:40
44            android:name="com.example.onlinelawsystem.lawyer.LawyersCasesActivity"
44-->src\main\AndroidManifest.xml:26:13-56
45            android:exported="false" />
45-->src\main\AndroidManifest.xml:27:13-37
46        <activity
46-->src\main\AndroidManifest.xml:28:9-30:40
47            android:name="com.example.onlinelawsystem.lawyer.LawyerProfileActivity"
47-->src\main\AndroidManifest.xml:29:13-57
48            android:exported="false" />
48-->src\main\AndroidManifest.xml:30:13-37
49        <activity
49-->src\main\AndroidManifest.xml:31:9-33:40
50            android:name="com.example.onlinelawsystem.lawyer.LawyerMainActivity"
50-->src\main\AndroidManifest.xml:32:13-54
51            android:exported="false" />
51-->src\main\AndroidManifest.xml:33:13-37
52        <activity
52-->src\main\AndroidManifest.xml:34:9-36:40
53            android:name="com.example.onlinelawsystem.lawyer.LawyerLoginActivity"
53-->src\main\AndroidManifest.xml:35:13-55
54            android:exported="false" />
54-->src\main\AndroidManifest.xml:36:13-37
55        <activity
55-->src\main\AndroidManifest.xml:37:9-39:40
56            android:name="com.example.onlinelawsystem.user.AboutUsActivity"
56-->src\main\AndroidManifest.xml:38:13-49
57            android:exported="false" />
57-->src\main\AndroidManifest.xml:39:13-37
58        <activity
58-->src\main\AndroidManifest.xml:40:9-42:40
59            android:name="com.example.onlinelawsystem.user.ProfileActivity"
59-->src\main\AndroidManifest.xml:41:13-49
60            android:exported="false" />
60-->src\main\AndroidManifest.xml:42:13-37
61        <activity
61-->src\main\AndroidManifest.xml:43:9-45:40
62            android:name="com.example.onlinelawsystem.user.LawBookSearchActivity"
62-->src\main\AndroidManifest.xml:44:13-55
63            android:exported="false" />
63-->src\main\AndroidManifest.xml:45:13-37
64        <activity
64-->src\main\AndroidManifest.xml:46:9-48:40
65            android:name="com.example.onlinelawsystem.user.CaseStudySearchActivity"
65-->src\main\AndroidManifest.xml:47:13-57
66            android:exported="false" />
66-->src\main\AndroidManifest.xml:48:13-37
67        <activity
67-->src\main\AndroidManifest.xml:49:9-51:40
68            android:name="com.example.onlinelawsystem.user.CriminalSearchActivity"
68-->src\main\AndroidManifest.xml:50:13-56
69            android:exported="false" />
69-->src\main\AndroidManifest.xml:51:13-37
70        <activity
70-->src\main\AndroidManifest.xml:52:9-54:40
71            android:name="com.example.onlinelawsystem.user.LawyerSearchActivity"
71-->src\main\AndroidManifest.xml:53:13-54
72            android:exported="false" />
72-->src\main\AndroidManifest.xml:54:13-37
73        <activity
73-->src\main\AndroidManifest.xml:55:9-57:40
74            android:name="com.example.onlinelawsystem.user.LawSearchActivity"
74-->src\main\AndroidManifest.xml:56:13-51
75            android:exported="false" />
75-->src\main\AndroidManifest.xml:57:13-37
76        <activity
76-->src\main\AndroidManifest.xml:58:9-60:40
77            android:name="com.example.onlinelawsystem.user.CourtSearchActivity"
77-->src\main\AndroidManifest.xml:59:13-53
78            android:exported="false" />
78-->src\main\AndroidManifest.xml:60:13-37
79        <activity
79-->src\main\AndroidManifest.xml:61:9-63:40
80            android:name="com.example.onlinelawsystem.admin.casestudy.ReadCaseStudyActivity"
80-->src\main\AndroidManifest.xml:62:13-66
81            android:exported="false" />
81-->src\main\AndroidManifest.xml:63:13-37
82        <activity
82-->src\main\AndroidManifest.xml:64:9-66:40
83            android:name="com.example.onlinelawsystem.admin.lawbooks.EditLawbooksActivity"
83-->src\main\AndroidManifest.xml:65:13-64
84            android:exported="false" />
84-->src\main\AndroidManifest.xml:66:13-37
85        <activity
85-->src\main\AndroidManifest.xml:67:9-69:40
86            android:name="com.example.onlinelawsystem.admin.casestudy.EditCasestudyActivity"
86-->src\main\AndroidManifest.xml:68:13-66
87            android:exported="false" />
87-->src\main\AndroidManifest.xml:69:13-37
88        <activity
88-->src\main\AndroidManifest.xml:70:9-72:40
89            android:name="com.example.onlinelawsystem.admin.criminal.EditCriminalActivity"
89-->src\main\AndroidManifest.xml:71:13-64
90            android:exported="false" />
90-->src\main\AndroidManifest.xml:72:13-37
91        <activity
91-->src\main\AndroidManifest.xml:73:9-75:40
92            android:name="com.example.onlinelawsystem.admin.lawyer.EditLawyerActivity"
92-->src\main\AndroidManifest.xml:74:13-60
93            android:exported="false" />
93-->src\main\AndroidManifest.xml:75:13-37
94        <activity
94-->src\main\AndroidManifest.xml:76:9-78:40
95            android:name="com.example.onlinelawsystem.admin.laws.EditLawsActivity"
95-->src\main\AndroidManifest.xml:77:13-56
96            android:exported="false" />
96-->src\main\AndroidManifest.xml:78:13-37
97        <activity
97-->src\main\AndroidManifest.xml:79:9-81:40
98            android:name="com.example.onlinelawsystem.admin.court.EditCourtActivity"
98-->src\main\AndroidManifest.xml:80:13-58
99            android:exported="false" />
99-->src\main\AndroidManifest.xml:81:13-37
100        <activity
100-->src\main\AndroidManifest.xml:82:9-84:40
101            android:name="com.example.onlinelawsystem.admin.lawbooks.AdminLawBookActivity"
101-->src\main\AndroidManifest.xml:83:13-64
102            android:exported="false" />
102-->src\main\AndroidManifest.xml:84:13-37
103        <activity
103-->src\main\AndroidManifest.xml:85:9-87:40
104            android:name="com.example.onlinelawsystem.admin.criminal.AdminCriminalActivity"
104-->src\main\AndroidManifest.xml:86:13-65
105            android:exported="false" />
105-->src\main\AndroidManifest.xml:87:13-37
106        <activity
106-->src\main\AndroidManifest.xml:88:9-90:40
107            android:name="com.example.onlinelawsystem.admin.casestudy.AdminCaseStudyActivity"
107-->src\main\AndroidManifest.xml:89:13-67
108            android:exported="false" />
108-->src\main\AndroidManifest.xml:90:13-37
109        <activity
109-->src\main\AndroidManifest.xml:91:9-93:40
110            android:name="com.example.onlinelawsystem.admin.laws.AdminLawActivity"
110-->src\main\AndroidManifest.xml:92:13-56
111            android:exported="false" />
111-->src\main\AndroidManifest.xml:93:13-37
112        <activity
112-->src\main\AndroidManifest.xml:94:9-96:40
113            android:name="com.example.onlinelawsystem.admin.lawyer.AdminLawyerActivity"
113-->src\main\AndroidManifest.xml:95:13-61
114            android:exported="false" />
114-->src\main\AndroidManifest.xml:96:13-37
115        <activity
115-->src\main\AndroidManifest.xml:97:9-99:40
116            android:name="com.example.onlinelawsystem.admin.court.AdminCourtsActivity"
116-->src\main\AndroidManifest.xml:98:13-60
117            android:exported="false" />
117-->src\main\AndroidManifest.xml:99:13-37
118        <activity
118-->src\main\AndroidManifest.xml:100:9-102:40
119            android:name="com.example.onlinelawsystem.admin.AdminMainActivity"
119-->src\main\AndroidManifest.xml:101:13-52
120            android:exported="false" />
120-->src\main\AndroidManifest.xml:102:13-37
121        <activity
121-->src\main\AndroidManifest.xml:103:9-105:40
122            android:name="com.example.onlinelawsystem.admin.AdminLoginActivity"
122-->src\main\AndroidManifest.xml:104:13-53
123            android:exported="false" />
123-->src\main\AndroidManifest.xml:105:13-37
124        <activity
124-->src\main\AndroidManifest.xml:106:9-108:40
125            android:name="com.example.onlinelawsystem.auth.SetupActivity"
125-->src\main\AndroidManifest.xml:107:13-47
126            android:exported="false" />
126-->src\main\AndroidManifest.xml:108:13-37
127        <activity
127-->src\main\AndroidManifest.xml:109:9-111:40
128            android:name="com.example.onlinelawsystem.auth.ForgotPasswordActivity"
128-->src\main\AndroidManifest.xml:110:13-56
129            android:exported="false" />
129-->src\main\AndroidManifest.xml:111:13-37
130        <activity
130-->src\main\AndroidManifest.xml:112:9-114:40
131            android:name="com.example.onlinelawsystem.auth.RegisterActivity"
131-->src\main\AndroidManifest.xml:113:13-50
132            android:exported="false" />
132-->src\main\AndroidManifest.xml:114:13-37
133        <activity
133-->src\main\AndroidManifest.xml:115:9-117:40
134            android:name="com.example.onlinelawsystem.auth.LoginActivity"
134-->src\main\AndroidManifest.xml:116:13-47
135            android:exported="false" />
135-->src\main\AndroidManifest.xml:117:13-37
136        <activity
136-->src\main\AndroidManifest.xml:118:9-120:40
137            android:name="com.example.onlinelawsystem.auth.WelcomeActivity"
137-->src\main\AndroidManifest.xml:119:13-49
138            android:exported="false" />
138-->src\main\AndroidManifest.xml:120:13-37
139        <activity
139-->src\main\AndroidManifest.xml:121:9-129:20
140            android:name="com.example.onlinelawsystem.auth.SplashActivity"
140-->src\main\AndroidManifest.xml:122:13-48
141            android:exported="true" >
141-->src\main\AndroidManifest.xml:123:13-36
142            <intent-filter>
142-->src\main\AndroidManifest.xml:124:13-128:29
143                <action android:name="android.intent.action.MAIN" />
143-->src\main\AndroidManifest.xml:125:17-69
143-->src\main\AndroidManifest.xml:125:25-66
144
145                <category android:name="android.intent.category.LAUNCHER" />
145-->src\main\AndroidManifest.xml:127:17-77
145-->src\main\AndroidManifest.xml:127:27-74
146            </intent-filter>
147        </activity>
148        <activity
148-->src\main\AndroidManifest.xml:130:9-132:39
149            android:name="com.example.onlinelawsystem.MainActivity"
149-->src\main\AndroidManifest.xml:131:13-41
150            android:exported="true" />
150-->src\main\AndroidManifest.xml:132:13-36
151
152        <meta-data
152-->src\main\AndroidManifest.xml:134:9-136:57
153            android:name="preloaded_fonts"
153-->src\main\AndroidManifest.xml:135:13-43
154            android:resource="@array/preloaded_fonts" />
154-->src\main\AndroidManifest.xml:136:13-54
155
156        <activity
156-->[com.google.firebase:firebase-auth:22.3.1] AndroidManifest.xml:29:9-46:20
157            android:name="com.google.firebase.auth.internal.GenericIdpActivity"
157-->[com.google.firebase:firebase-auth:22.3.1] AndroidManifest.xml:30:13-80
158            android:excludeFromRecents="true"
158-->[com.google.firebase:firebase-auth:22.3.1] AndroidManifest.xml:31:13-46
159            android:exported="true"
159-->[com.google.firebase:firebase-auth:22.3.1] AndroidManifest.xml:32:13-36
160            android:launchMode="singleTask"
160-->[com.google.firebase:firebase-auth:22.3.1] AndroidManifest.xml:33:13-44
161            android:theme="@android:style/Theme.Translucent.NoTitleBar" >
161-->[com.google.firebase:firebase-auth:22.3.1] AndroidManifest.xml:34:13-72
162            <intent-filter>
162-->[com.google.firebase:firebase-auth:22.3.1] AndroidManifest.xml:35:13-45:29
163                <action android:name="android.intent.action.VIEW" />
163-->[com.google.firebase:firebase-auth:22.3.1] AndroidManifest.xml:36:17-69
163-->[com.google.firebase:firebase-auth:22.3.1] AndroidManifest.xml:36:25-66
164
165                <category android:name="android.intent.category.DEFAULT" />
165-->[com.google.firebase:firebase-auth:22.3.1] AndroidManifest.xml:38:17-76
165-->[com.google.firebase:firebase-auth:22.3.1] AndroidManifest.xml:38:27-73
166                <category android:name="android.intent.category.BROWSABLE" />
166-->[com.google.firebase:firebase-auth:22.3.1] AndroidManifest.xml:39:17-78
166-->[com.google.firebase:firebase-auth:22.3.1] AndroidManifest.xml:39:27-75
167
168                <data
168-->[com.google.firebase:firebase-auth:22.3.1] AndroidManifest.xml:41:17-44:51
169                    android:host="firebase.auth"
169-->[com.google.firebase:firebase-auth:22.3.1] AndroidManifest.xml:42:21-49
170                    android:path="/"
170-->[com.google.firebase:firebase-auth:22.3.1] AndroidManifest.xml:43:21-37
171                    android:scheme="genericidp" />
171-->[com.google.firebase:firebase-auth:22.3.1] AndroidManifest.xml:44:21-48
172            </intent-filter>
173        </activity>
174        <activity
174-->[com.google.firebase:firebase-auth:22.3.1] AndroidManifest.xml:47:9-64:20
175            android:name="com.google.firebase.auth.internal.RecaptchaActivity"
175-->[com.google.firebase:firebase-auth:22.3.1] AndroidManifest.xml:48:13-79
176            android:excludeFromRecents="true"
176-->[com.google.firebase:firebase-auth:22.3.1] AndroidManifest.xml:49:13-46
177            android:exported="true"
177-->[com.google.firebase:firebase-auth:22.3.1] AndroidManifest.xml:50:13-36
178            android:launchMode="singleTask"
178-->[com.google.firebase:firebase-auth:22.3.1] AndroidManifest.xml:51:13-44
179            android:theme="@android:style/Theme.Translucent.NoTitleBar" >
179-->[com.google.firebase:firebase-auth:22.3.1] AndroidManifest.xml:52:13-72
180            <intent-filter>
180-->[com.google.firebase:firebase-auth:22.3.1] AndroidManifest.xml:53:13-63:29
181                <action android:name="android.intent.action.VIEW" />
181-->[com.google.firebase:firebase-auth:22.3.1] AndroidManifest.xml:36:17-69
181-->[com.google.firebase:firebase-auth:22.3.1] AndroidManifest.xml:36:25-66
182
183                <category android:name="android.intent.category.DEFAULT" />
183-->[com.google.firebase:firebase-auth:22.3.1] AndroidManifest.xml:38:17-76
183-->[com.google.firebase:firebase-auth:22.3.1] AndroidManifest.xml:38:27-73
184                <category android:name="android.intent.category.BROWSABLE" />
184-->[com.google.firebase:firebase-auth:22.3.1] AndroidManifest.xml:39:17-78
184-->[com.google.firebase:firebase-auth:22.3.1] AndroidManifest.xml:39:27-75
185
186                <data
186-->[com.google.firebase:firebase-auth:22.3.1] AndroidManifest.xml:41:17-44:51
187                    android:host="firebase.auth"
187-->[com.google.firebase:firebase-auth:22.3.1] AndroidManifest.xml:42:21-49
188                    android:path="/"
188-->[com.google.firebase:firebase-auth:22.3.1] AndroidManifest.xml:43:21-37
189                    android:scheme="recaptcha" />
189-->[com.google.firebase:firebase-auth:22.3.1] AndroidManifest.xml:44:21-48
190            </intent-filter>
191        </activity>
192
193        <service
193-->[com.google.firebase:firebase-auth:22.3.1] AndroidManifest.xml:66:9-72:19
194            android:name="com.google.firebase.components.ComponentDiscoveryService"
194-->[com.google.firebase:firebase-auth:22.3.1] AndroidManifest.xml:67:13-84
195            android:directBootAware="true"
195-->[com.google.firebase:firebase-common:20.4.2] AndroidManifest.xml:32:13-43
196            android:exported="false" >
196-->[com.google.firebase:firebase-auth:22.3.1] AndroidManifest.xml:68:13-37
197            <meta-data
197-->[com.google.firebase:firebase-auth:22.3.1] AndroidManifest.xml:69:13-71:85
198                android:name="com.google.firebase.components:com.google.firebase.auth.FirebaseAuthRegistrar"
198-->[com.google.firebase:firebase-auth:22.3.1] AndroidManifest.xml:70:17-109
199                android:value="com.google.firebase.components.ComponentRegistrar" />
199-->[com.google.firebase:firebase-auth:22.3.1] AndroidManifest.xml:71:17-82
200            <meta-data
200-->[com.google.firebase:firebase-database:20.3.0] AndroidManifest.xml:29:13-31:85
201                android:name="com.google.firebase.components:com.google.firebase.database.FirebaseDatabaseKtxRegistrar"
201-->[com.google.firebase:firebase-database:20.3.0] AndroidManifest.xml:30:17-120
202                android:value="com.google.firebase.components.ComponentRegistrar" />
202-->[com.google.firebase:firebase-database:20.3.0] AndroidManifest.xml:31:17-82
203            <meta-data
203-->[com.google.firebase:firebase-database:20.3.0] AndroidManifest.xml:32:13-34:85
204                android:name="com.google.firebase.components:com.google.firebase.database.DatabaseRegistrar"
204-->[com.google.firebase:firebase-database:20.3.0] AndroidManifest.xml:33:17-109
205                android:value="com.google.firebase.components.ComponentRegistrar" />
205-->[com.google.firebase:firebase-database:20.3.0] AndroidManifest.xml:34:17-82
206            <meta-data
206-->[com.google.firebase:firebase-firestore:24.10.2] AndroidManifest.xml:17:13-19:85
207                android:name="com.google.firebase.components:com.google.firebase.firestore.FirebaseFirestoreKtxRegistrar"
207-->[com.google.firebase:firebase-firestore:24.10.2] AndroidManifest.xml:18:17-122
208                android:value="com.google.firebase.components.ComponentRegistrar" />
208-->[com.google.firebase:firebase-firestore:24.10.2] AndroidManifest.xml:19:17-82
209            <meta-data
209-->[com.google.firebase:firebase-firestore:24.10.2] AndroidManifest.xml:20:13-22:85
210                android:name="com.google.firebase.components:com.google.firebase.firestore.FirestoreRegistrar"
210-->[com.google.firebase:firebase-firestore:24.10.2] AndroidManifest.xml:21:17-111
211                android:value="com.google.firebase.components.ComponentRegistrar" />
211-->[com.google.firebase:firebase-firestore:24.10.2] AndroidManifest.xml:22:17-82
212            <meta-data
212-->[com.google.firebase:firebase-storage:20.3.0] AndroidManifest.xml:30:13-32:85
213                android:name="com.google.firebase.components:com.google.firebase.storage.FirebaseStorageKtxRegistrar"
213-->[com.google.firebase:firebase-storage:20.3.0] AndroidManifest.xml:31:17-118
214                android:value="com.google.firebase.components.ComponentRegistrar" />
214-->[com.google.firebase:firebase-storage:20.3.0] AndroidManifest.xml:32:17-82
215            <meta-data
215-->[com.google.firebase:firebase-storage:20.3.0] AndroidManifest.xml:33:13-35:85
216                android:name="com.google.firebase.components:com.google.firebase.storage.StorageRegistrar"
216-->[com.google.firebase:firebase-storage:20.3.0] AndroidManifest.xml:34:17-107
217                android:value="com.google.firebase.components.ComponentRegistrar" />
217-->[com.google.firebase:firebase-storage:20.3.0] AndroidManifest.xml:35:17-82
218            <meta-data
218-->[com.google.firebase:firebase-appcheck:17.1.0] AndroidManifest.xml:25:13-27:85
219                android:name="com.google.firebase.components:com.google.firebase.appcheck.FirebaseAppCheckKtxRegistrar"
219-->[com.google.firebase:firebase-appcheck:17.1.0] AndroidManifest.xml:26:17-120
220                android:value="com.google.firebase.components.ComponentRegistrar" />
220-->[com.google.firebase:firebase-appcheck:17.1.0] AndroidManifest.xml:27:17-82
221            <meta-data
221-->[com.google.firebase:firebase-appcheck:17.1.0] AndroidManifest.xml:28:13-30:85
222                android:name="com.google.firebase.components:com.google.firebase.appcheck.FirebaseAppCheckRegistrar"
222-->[com.google.firebase:firebase-appcheck:17.1.0] AndroidManifest.xml:29:17-117
223                android:value="com.google.firebase.components.ComponentRegistrar" />
223-->[com.google.firebase:firebase-appcheck:17.1.0] AndroidManifest.xml:30:17-82
224            <meta-data
224-->[com.google.firebase:firebase-common-ktx:20.4.2] AndroidManifest.xml:12:13-14:85
225                android:name="com.google.firebase.components:com.google.firebase.ktx.FirebaseCommonLegacyRegistrar"
225-->[com.google.firebase:firebase-common-ktx:20.4.2] AndroidManifest.xml:13:17-116
226                android:value="com.google.firebase.components.ComponentRegistrar" />
226-->[com.google.firebase:firebase-common-ktx:20.4.2] AndroidManifest.xml:14:17-82
227            <meta-data
227-->[com.google.firebase:firebase-common:20.4.2] AndroidManifest.xml:35:13-37:85
228                android:name="com.google.firebase.components:com.google.firebase.FirebaseCommonKtxRegistrar"
228-->[com.google.firebase:firebase-common:20.4.2] AndroidManifest.xml:36:17-109
229                android:value="com.google.firebase.components.ComponentRegistrar" />
229-->[com.google.firebase:firebase-common:20.4.2] AndroidManifest.xml:37:17-82
230        </service>
231
232        <provider
232-->[androidx.emoji2:emoji2:1.2.0] AndroidManifest.xml:24:9-32:20
233            android:name="androidx.startup.InitializationProvider"
233-->[androidx.emoji2:emoji2:1.2.0] AndroidManifest.xml:25:13-67
234            android:authorities="com.example.onlinelawsystem.androidx-startup"
234-->[androidx.emoji2:emoji2:1.2.0] AndroidManifest.xml:26:13-68
235            android:exported="false" >
235-->[androidx.emoji2:emoji2:1.2.0] AndroidManifest.xml:27:13-37
236            <meta-data
236-->[androidx.emoji2:emoji2:1.2.0] AndroidManifest.xml:29:13-31:52
237                android:name="androidx.emoji2.text.EmojiCompatInitializer"
237-->[androidx.emoji2:emoji2:1.2.0] AndroidManifest.xml:30:17-75
238                android:value="androidx.startup" />
238-->[androidx.emoji2:emoji2:1.2.0] AndroidManifest.xml:31:17-49
239            <meta-data
239-->[androidx.lifecycle:lifecycle-process:2.6.1] AndroidManifest.xml:29:13-31:52
240                android:name="androidx.lifecycle.ProcessLifecycleInitializer"
240-->[androidx.lifecycle:lifecycle-process:2.6.1] AndroidManifest.xml:30:17-78
241                android:value="androidx.startup" />
241-->[androidx.lifecycle:lifecycle-process:2.6.1] AndroidManifest.xml:31:17-49
242            <meta-data
242-->[androidx.profileinstaller:profileinstaller:1.3.0] AndroidManifest.xml:29:13-31:52
243                android:name="androidx.profileinstaller.ProfileInstallerInitializer"
243-->[androidx.profileinstaller:profileinstaller:1.3.0] AndroidManifest.xml:30:17-85
244                android:value="androidx.startup" />
244-->[androidx.profileinstaller:profileinstaller:1.3.0] AndroidManifest.xml:31:17-49
245        </provider>
246        <provider
246-->[com.google.firebase:firebase-common:20.4.2] AndroidManifest.xml:23:9-28:39
247            android:name="com.google.firebase.provider.FirebaseInitProvider"
247-->[com.google.firebase:firebase-common:20.4.2] AndroidManifest.xml:24:13-77
248            android:authorities="com.example.onlinelawsystem.firebaseinitprovider"
248-->[com.google.firebase:firebase-common:20.4.2] AndroidManifest.xml:25:13-72
249            android:directBootAware="true"
249-->[com.google.firebase:firebase-common:20.4.2] AndroidManifest.xml:26:13-43
250            android:exported="false"
250-->[com.google.firebase:firebase-common:20.4.2] AndroidManifest.xml:27:13-37
251            android:initOrder="100" />
251-->[com.google.firebase:firebase-common:20.4.2] AndroidManifest.xml:28:13-36
252
253        <activity
253-->[com.google.android.gms:play-services-base:18.1.0] AndroidManifest.xml:20:9-22:45
254            android:name="com.google.android.gms.common.api.GoogleApiActivity"
254-->[com.google.android.gms:play-services-base:18.1.0] AndroidManifest.xml:20:19-85
255            android:exported="false"
255-->[com.google.android.gms:play-services-base:18.1.0] AndroidManifest.xml:22:19-43
256            android:theme="@android:style/Theme.Translucent.NoTitleBar" />
256-->[com.google.android.gms:play-services-base:18.1.0] AndroidManifest.xml:21:19-78
257
258        <meta-data
258-->[com.google.android.gms:play-services-basement:18.1.0] AndroidManifest.xml:21:9-23:69
259            android:name="com.google.android.gms.version"
259-->[com.google.android.gms:play-services-basement:18.1.0] AndroidManifest.xml:22:13-58
260            android:value="@integer/google_play_services_version" />
260-->[com.google.android.gms:play-services-basement:18.1.0] AndroidManifest.xml:23:13-66
261
262        <receiver
262-->[androidx.profileinstaller:profileinstaller:1.3.0] AndroidManifest.xml:34:9-52:20
263            android:name="androidx.profileinstaller.ProfileInstallReceiver"
263-->[androidx.profileinstaller:profileinstaller:1.3.0] AndroidManifest.xml:35:13-76
264            android:directBootAware="false"
264-->[androidx.profileinstaller:profileinstaller:1.3.0] AndroidManifest.xml:36:13-44
265            android:enabled="true"
265-->[androidx.profileinstaller:profileinstaller:1.3.0] AndroidManifest.xml:37:13-35
266            android:exported="true"
266-->[androidx.profileinstaller:profileinstaller:1.3.0] AndroidManifest.xml:38:13-36
267            android:permission="android.permission.DUMP" >
267-->[androidx.profileinstaller:profileinstaller:1.3.0] AndroidManifest.xml:39:13-57
268            <intent-filter>
268-->[androidx.profileinstaller:profileinstaller:1.3.0] AndroidManifest.xml:40:13-42:29
269                <action android:name="androidx.profileinstaller.action.INSTALL_PROFILE" />
269-->[androidx.profileinstaller:profileinstaller:1.3.0] AndroidManifest.xml:41:17-91
269-->[androidx.profileinstaller:profileinstaller:1.3.0] AndroidManifest.xml:41:25-88
270            </intent-filter>
271            <intent-filter>
271-->[androidx.profileinstaller:profileinstaller:1.3.0] AndroidManifest.xml:43:13-45:29
272                <action android:name="androidx.profileinstaller.action.SKIP_FILE" />
272-->[androidx.profileinstaller:profileinstaller:1.3.0] AndroidManifest.xml:44:17-85
272-->[androidx.profileinstaller:profileinstaller:1.3.0] AndroidManifest.xml:44:25-82
273            </intent-filter>
274            <intent-filter>
274-->[androidx.profileinstaller:profileinstaller:1.3.0] AndroidManifest.xml:46:13-48:29
275                <action android:name="androidx.profileinstaller.action.SAVE_PROFILE" />
275-->[androidx.profileinstaller:profileinstaller:1.3.0] AndroidManifest.xml:47:17-88
275-->[androidx.profileinstaller:profileinstaller:1.3.0] AndroidManifest.xml:47:25-85
276            </intent-filter>
277            <intent-filter>
277-->[androidx.profileinstaller:profileinstaller:1.3.0] AndroidManifest.xml:49:13-51:29
278                <action android:name="androidx.profileinstaller.action.BENCHMARK_OPERATION" />
278-->[androidx.profileinstaller:profileinstaller:1.3.0] AndroidManifest.xml:50:17-95